Time resolution is 1 ps
Note: Test 0 A=0 B=12345 Product=0
Time: 200 ns  Iteration: 0  Process: /multiplierTB/stim_proc  File: /home/Sol/Digital-System-Design-II/execute/execute.srcs/sim_1/new/multiplierTB.vhd
Note: Test 1 A=0 B=0 Product=0
Time: 300 ns  Iteration: 0  Process: /multiplierTB/stim_proc  File: /home/Sol/Digital-System-Design-II/execute/execute.srcs/sim_1/new/multiplierTB.vhd
Note: Test 2 A=65535 B=65535 Product=-131071
Time: 400 ns  Iteration: 0  Process: /multiplierTB/stim_proc  File: /home/Sol/Digital-System-Design-II/execute/execute.srcs/sim_1/new/multiplierTB.vhd
Note: Test 3 A=40000 B=20000 Product=800000000
Time: 500 ns  Iteration: 0  Process: /multiplierTB/stim_proc  File: /home/Sol/Digital-System-Design-II/execute/execute.srcs/sim_1/new/multiplierTB.vhd
Note: Test 4 A=5 B=7 Product=35
Time: 600 ns  Iteration: 0  Process: /multiplierTB/stim_proc  File: /home/Sol/Digital-System-Design-II/execute/execute.srcs/sim_1/new/multiplierTB.vhd
Note: Test 5 A=123 B=456 Product=56088
Time: 700 ns  Iteration: 0  Process: /multiplierTB/stim_proc  File: /home/Sol/Digital-System-Design-II/execute/execute.srcs/sim_1/new/multiplierTB.vhd
Note: Test 6 A=1000 B=1000 Product=1000000
Time: 800 ns  Iteration: 0  Process: /multiplierTB/stim_proc  File: /home/Sol/Digital-System-Design-II/execute/execute.srcs/sim_1/new/multiplierTB.vhd
Note: Test 7 A=256 B=512 Product=131072
Time: 900 ns  Iteration: 0  Process: /multiplierTB/stim_proc  File: /home/Sol/Digital-System-Design-II/execute/execute.srcs/sim_1/new/multiplierTB.vhd
Note: Test 8 A=257 B=131 Product=33667
Time: 1 us  Iteration: 0  Process: /multiplierTB/stim_proc  File: /home/Sol/Digital-System-Design-II/execute/execute.srcs/sim_1/new/multiplierTB.vhd
Note: Test 9 A=1 B=32768 Product=32768
Time: 1100 ns  Iteration: 0  Process: /multiplierTB/stim_proc  File: /home/Sol/Digital-System-Design-II/execute/execute.srcs/sim_1/new/multiplierTB.vhd
Note: Test 10 A=30000 B=21845 Product=655350000
Time: 1200 ns  Iteration: 0  Process: /multiplierTB/stim_proc  File: /home/Sol/Digital-System-Design-II/execute/execute.srcs/sim_1/new/multiplierTB.vhd
Note: Multiplier Testbench Concluded - All tests passed!
Time: 1200 ns  Iteration: 0  Process: /multiplierTB/stim_proc  File: /home/Sol/Digital-System-Design-II/execute/execute.srcs/sim_1/new/multiplierTB.vhd
