Time resolution is 1 ps
Note: t=200000 ps test=0 ALUResult=8 WriteReg=4 WriteData=3 RegWriteOut='1' MemtoRegOut='0' MemWriteOut='0'
Time: 200 ns  Iteration: 0  Process: /executeTB/stim_proc  File: /home/Sol/Digital-System-Design-II/execute/execute.srcs/sim_1/new/executeTB.vhd
Note: t=300000 ps test=1 ALUResult=15 WriteReg=5 WriteData=0 RegWriteOut='1' MemtoRegOut='0' MemWriteOut='0'
Time: 300 ns  Iteration: 0  Process: /executeTB/stim_proc  File: /home/Sol/Digital-System-Design-II/execute/execute.srcs/sim_1/new/executeTB.vhd
Note: t=400000 ps test=2 ALUResult=6 WriteReg=7 WriteData=4 RegWriteOut='1' MemtoRegOut='0' MemWriteOut='0'
Time: 400 ns  Iteration: 0  Process: /executeTB/stim_proc  File: /home/Sol/Digital-System-Design-II/execute/execute.srcs/sim_1/new/executeTB.vhd
Note: t=500000 ps test=3 ALUResult=0 WriteReg=9 WriteData=240 RegWriteOut='1' MemtoRegOut='0' MemWriteOut='0'
Time: 500 ns  Iteration: 0  Process: /executeTB/stim_proc  File: /home/Sol/Digital-System-Design-II/execute/execute.srcs/sim_1/new/executeTB.vhd
Note: t=600000 ps test=4 ALUResult=255 WriteReg=11 WriteData=240 RegWriteOut='1' MemtoRegOut='0' MemWriteOut='0'
Time: 600 ns  Iteration: 0  Process: /executeTB/stim_proc  File: /home/Sol/Digital-System-Design-II/execute/execute.srcs/sim_1/new/executeTB.vhd
Note: t=700000 ps test=5 ALUResult=268439568 WriteReg=12 WriteData=305419896 RegWriteOut='0' MemtoRegOut='0' MemWriteOut='1'
Time: 700 ns  Iteration: 0  Process: /executeTB/stim_proc  File: /home/Sol/Digital-System-Design-II/execute/execute.srcs/sim_1/new/executeTB.vhd
Note: t=800000 ps test=6 ALUResult=268443680 WriteReg=13 WriteData=0 RegWriteOut='1' MemtoRegOut='1' MemWriteOut='0'
Time: 800 ns  Iteration: 0  Process: /executeTB/stim_proc  File: /home/Sol/Digital-System-Design-II/execute/execute.srcs/sim_1/new/executeTB.vhd
Note: t=900000 ps test=7 ALUResult=240 WriteReg=15 WriteData=15 RegWriteOut='1' MemtoRegOut='0' MemWriteOut='0'
Time: 900 ns  Iteration: 0  Process: /executeTB/stim_proc  File: /home/Sol/Digital-System-Design-II/execute/execute.srcs/sim_1/new/executeTB.vhd
Note: t=1000000 ps test=8 ALUResult=4 WriteReg=17 WriteData=2 RegWriteOut='1' MemtoRegOut='0' MemWriteOut='0'
Time: 1 us  Iteration: 0  Process: /executeTB/stim_proc  File: /home/Sol/Digital-System-Design-II/execute/execute.srcs/sim_1/new/executeTB.vhd
Note: t=1100000 ps test=9 ALUResult=0 WriteReg=18 WriteData=572662306 RegWriteOut='0' MemtoRegOut='0' MemWriteOut='0'
Time: 1100 ns  Iteration: 0  Process: /executeTB/stim_proc  File: /home/Sol/Digital-System-Design-II/execute/execute.srcs/sim_1/new/executeTB.vhd
Note: t=1200000 ps test=10 ALUResult=12 WriteReg=13 WriteData=3 RegWriteOut='1' MemtoRegOut='0' MemWriteOut='0'
Time: 1200 ns  Iteration: 0  Process: /executeTB/stim_proc  File: /home/Sol/Digital-System-Design-II/execute/execute.srcs/sim_1/new/executeTB.vhd
Note: Execute Stage Testbench Concluded - All tests passed!
Time: 1200 ns  Iteration: 0  Process: /executeTB/stim_proc  File: /home/Sol/Digital-System-Design-II/execute/execute.srcs/sim_1/new/executeTB.vhd
