Vivado Simulator v2025.1.0
Copyright 1986-2022 Xilinx, Inc. All Rights Reserved.
Copyright 2022-2025 Advanced Micro Devices, Inc. All Rights Reserved.
Running: /home/Sol/Xilinx/Vivado/2025.1/Vivado/bin/unwrapped/lnx64.o/xelab --incr --debug typical --relax --mt 8 --maxdelay -L xil_defaultlib -L simprims_ver -L secureip --snapshot RegisterFileTB_time_impl -transport_int_delays -pulse_r 0 -pulse_int_r 0 -pulse_e 0 -pulse_int_e 0 xil_defaultlib.RegisterFileTB xil_defaultlib.glbl -log elaborate.log 
Using 8 slave threads.
Starting static elaboration
Pass Through NonSizing Optimizer
Completed static elaboration
Starting simulation data flow analysis
Completed simulation data flow analysis
INFO: [XSIM 43-3451] SDF backannotation process started with SDF file "RegisterFileTB_time_impl.sdf", for root module "RegisterFileTB/UUT".
INFO: [XSIM 43-3452] SDF backannotation was successful for SDF file "RegisterFileTB_time_impl.sdf", for root module "RegisterFileTB/UUT".
Time Resolution for simulation is 1ps
Compiling package std.standard
Compiling package std.textio
Compiling package ieee.std_logic_1164
Compiling package ieee.numeric_std
Compiling package vl.vl_types
Compiling module xil_defaultlib.glbl
Compiling module simprims_ver.IBUF
Compiling module simprims_ver.OBUF
Compiling module simprims_ver.LUT4
Compiling module simprims_ver.BUFG
Compiling module simprims_ver.RAMD32
Compiling module simprims_ver.RAMS32
Compiling module xil_defaultlib.RAM32M_UNIQ_BASE_
Compiling module xil_defaultlib.RAM32X1D_UNIQ_BASE_
Compiling module xil_defaultlib.RAM32X1D_HD5
Compiling module xil_defaultlib.RAM32M_HD6
Compiling module xil_defaultlib.RAM32X1D_HD7
Compiling module xil_defaultlib.RAM32X1D_HD8
Compiling module xil_defaultlib.registerFile
Compiling architecture tb of entity xil_defaultlib.registerfiletb
Built simulation snapshot RegisterFileTB_time_impl
