
*** Running vivado
    with args -log execute.vds -m64 -product Vivado -mode batch -messageDb vivado.pb -notrace -source execute.tcl


****** Vivado v2025.1 (64-bit)
  **** SW Build 6140274 on Wed May 21 22:58:25 MDT 2025
  **** IP Build 6138677 on Thu May 22 03:10:11 MDT 2025
  **** SharedData Build 6139179 on Tue May 20 17:58:58 MDT 2025
  **** Start of session at: Thu Nov  6 03:18:53 2025
    ** Copyright 1986-2022 Xilinx, Inc. All Rights Reserved.
    ** Copyright 2022-2025 Advanced Micro Devices, Inc. All Rights Reserved.

source execute.tcl -notrace
Command: read_checkpoint -auto_incremental -incremental /home/Sol/Digital-System-Design-II/execute/execute.srcs/utils_1/imports/synth_1/aluN.dcp
INFO: [Vivado 12-5825] Read reference checkpoint from /home/Sol/Digital-System-Design-II/execute/execute.srcs/utils_1/imports/synth_1/aluN.dcp for incremental synthesis
INFO: [Vivado 12-7989] Please ensure there are no constraint changes
Command: synth_design -top execute -part xc7a35tcpg236-1 -mode out_of_context
Starting synth_design
Attempting to get a license for feature 'Synthesis' and/or device 'xc7a35t'
INFO: [Common 17-349] Got license for feature 'Synthesis' and/or device 'xc7a35t'
INFO: [Designutils 20-5440] No compile time benefit to using incremental synthesis; A full resynthesis will be run
INFO: [Designutils 20-4379] Flow is switching to default flow due to incremental criteria not met. If you would like to alter this behaviour and have the flow terminate instead, please set the following parameter config_implementation {autoIncr.Synth.RejectBehavior Terminate}
INFO: [Synth 8-7079] Multithreading enabled for synth_design using a maximum of 7 processes.
INFO: [Synth 8-7078] Launching helper process for spawning children vivado processes
INFO: [Synth 8-7075] Helper process launched with PID 11265
---------------------------------------------------------------------------------
Starting Synthesize : Time (s): cpu = 00:00:03 ; elapsed = 00:00:03 . Memory (MB): peak = 1940.629 ; gain = 348.844 ; free physical = 2590 ; free virtual = 26058
---------------------------------------------------------------------------------
INFO: [Synth 8-638] synthesizing module 'execute' [/home/Sol/Digital-System-Design-II/execute/execute.srcs/sources_1/new/execute.vhd:46]
INFO: [Synth 8-638] synthesizing module 'aluN' [/home/Sol/Digital-System-Design-II/execute/execute.srcs/sources_1/new/aluN.vhd:29]
	Parameter N bound to: 32 - type: integer 
INFO: [Synth 8-638] synthesizing module 'orN' [/home/Sol/Digital-System-Design-II/execute/execute.srcs/sources_1/new/orN.vhd:24]
	Parameter N bound to: 32 - type: integer 
INFO: [Synth 8-256] done synthesizing module 'orN' (0#1) [/home/Sol/Digital-System-Design-II/execute/execute.srcs/sources_1/new/orN.vhd:24]
INFO: [Synth 8-638] synthesizing module 'andN' [/home/Sol/Digital-System-Design-II/execute/execute.srcs/sources_1/new/andN.vhd:24]
	Parameter N bound to: 32 - type: integer 
INFO: [Synth 8-256] done synthesizing module 'andN' (0#1) [/home/Sol/Digital-System-Design-II/execute/execute.srcs/sources_1/new/andN.vhd:24]
INFO: [Synth 8-638] synthesizing module 'xorN' [/home/Sol/Digital-System-Design-II/execute/execute.srcs/sources_1/new/xorN.vhd:24]
	Parameter N bound to: 32 - type: integer 
INFO: [Synth 8-256] done synthesizing module 'xorN' (0#1) [/home/Sol/Digital-System-Design-II/execute/execute.srcs/sources_1/new/xorN.vhd:24]
INFO: [Synth 8-638] synthesizing module 'srlN' [/home/Sol/Digital-System-Design-II/execute/execute.srcs/sources_1/new/srlN.vhd:27]
	Parameter N bound to: 32 - type: integer 
	Parameter M bound to: 5 - type: integer 
INFO: [Synth 8-256] done synthesizing module 'srlN' (0#1) [/home/Sol/Digital-System-Design-II/execute/execute.srcs/sources_1/new/srlN.vhd:27]
INFO: [Synth 8-638] synthesizing module 'sraN' [/home/Sol/Digital-System-Design-II/execute/execute.srcs/sources_1/new/sraN.vhd:27]
	Parameter N bound to: 32 - type: integer 
	Parameter M bound to: 5 - type: integer 
INFO: [Synth 8-256] done synthesizing module 'sraN' (0#1) [/home/Sol/Digital-System-Design-II/execute/execute.srcs/sources_1/new/sraN.vhd:27]
INFO: [Synth 8-638] synthesizing module 'sllN' [/home/Sol/Digital-System-Design-II/execute/execute.srcs/sources_1/new/sllN.vhd:27]
	Parameter N bound to: 32 - type: integer 
	Parameter M bound to: 5 - type: integer 
INFO: [Synth 8-256] done synthesizing module 'sllN' (0#1) [/home/Sol/Digital-System-Design-II/execute/execute.srcs/sources_1/new/sllN.vhd:27]
INFO: [Synth 8-638] synthesizing module 'rippleCarryAdder' [/home/Sol/Digital-System-Design-II/execute/execute.srcs/sources_1/new/rippleCarryAdder.vhd:36]
	Parameter N bound to: 32 - type: integer 
INFO: [Synth 8-638] synthesizing module 'fullAdder' [/home/Sol/Digital-System-Design-II/execute/execute.srcs/sources_1/new/fullAdder.vhd:32]
INFO: [Synth 8-256] done synthesizing module 'fullAdder' (0#1) [/home/Sol/Digital-System-Design-II/execute/execute.srcs/sources_1/new/fullAdder.vhd:32]
INFO: [Synth 8-256] done synthesizing module 'rippleCarryAdder' (0#1) [/home/Sol/Digital-System-Design-II/execute/execute.srcs/sources_1/new/rippleCarryAdder.vhd:36]
INFO: [Synth 8-638] synthesizing module 'multiplier' [/home/Sol/Digital-System-Design-II/execute/execute.srcs/sources_1/new/multiplier.vhd:30]
	Parameter N bound to: 32 - type: integer 
INFO: [Synth 8-256] done synthesizing module 'multiplier' (0#1) [/home/Sol/Digital-System-Design-II/execute/execute.srcs/sources_1/new/multiplier.vhd:30]
INFO: [Synth 8-256] done synthesizing module 'aluN' (0#1) [/home/Sol/Digital-System-Design-II/execute/execute.srcs/sources_1/new/aluN.vhd:29]
INFO: [Synth 8-256] done synthesizing module 'execute' (0#1) [/home/Sol/Digital-System-Design-II/execute/execute.srcs/sources_1/new/execute.vhd:46]
---------------------------------------------------------------------------------
Finished Synthesize : Time (s): cpu = 00:00:04 ; elapsed = 00:00:04 . Memory (MB): peak = 2019.598 ; gain = 427.812 ; free physical = 2500 ; free virtual = 25971
---------------------------------------------------------------------------------
---------------------------------------------------------------------------------
Finished Constraint Validation : Time (s): cpu = 00:00:05 ; elapsed = 00:00:05 . Memory (MB): peak = 2037.410 ; gain = 445.625 ; free physical = 2440 ; free virtual = 25975
---------------------------------------------------------------------------------
---------------------------------------------------------------------------------
Start Loading Part and Timing Information
---------------------------------------------------------------------------------
Loading part: xc7a35tcpg236-1
INFO: [Device 21-403] Loading part xc7a35tcpg236-1
---------------------------------------------------------------------------------
Finished Loading Part and Timing Information : Time (s): cpu = 00:00:05 ; elapsed = 00:00:05 . Memory (MB): peak = 2037.410 ; gain = 445.625 ; free physical = 2401 ; free virtual = 25936
---------------------------------------------------------------------------------
---------------------------------------------------------------------------------
Finished RTL Optimization Phase 2 : Time (s): cpu = 00:00:05 ; elapsed = 00:00:05 . Memory (MB): peak = 2040.379 ; gain = 448.594 ; free physical = 2016 ; free virtual = 25788
---------------------------------------------------------------------------------
No constraint files found.
---------------------------------------------------------------------------------
Start RTL Component Statistics 
---------------------------------------------------------------------------------
Detailed RTL Component Info : 
+---XORs : 
	   2 Input     32 Bit         XORs := 1     
	   2 Input      1 Bit         XORs := 672   
+---Muxes : 
	   2 Input   32 Bit        Muxes := 1     
	   2 Input    5 Bit        Muxes := 1     
---------------------------------------------------------------------------------
Finished RTL Component Statistics 
---------------------------------------------------------------------------------
---------------------------------------------------------------------------------
Start Part Resource Summary
---------------------------------------------------------------------------------
Part Resources:
DSPs: 90 (col length:60)
BRAMs: 100 (col length: RAMB18 60 RAMB36 30)
---------------------------------------------------------------------------------
Finished Part Resource Summary
---------------------------------------------------------------------------------
No constraint files found.
---------------------------------------------------------------------------------
Start Cross Boundary and Area Optimization
---------------------------------------------------------------------------------
WARNING: [Synth 8-7080] Parallel synthesis criteria is not met
---------------------------------------------------------------------------------
Finished Cross Boundary and Area Optimization : Time (s): cpu = 00:00:19 ; elapsed = 00:00:19 . Memory (MB): peak = 2425.285 ; gain = 833.500 ; free physical = 980 ; free virtual = 24850
---------------------------------------------------------------------------------
No constraint files found.
---------------------------------------------------------------------------------
Start Timing Optimization
---------------------------------------------------------------------------------
---------------------------------------------------------------------------------
Finished Timing Optimization : Time (s): cpu = 00:00:19 ; elapsed = 00:00:19 . Memory (MB): peak = 2425.285 ; gain = 833.500 ; free physical = 980 ; free virtual = 24850
---------------------------------------------------------------------------------
---------------------------------------------------------------------------------
Start Technology Mapping
---------------------------------------------------------------------------------
---------------------------------------------------------------------------------
Finished Technology Mapping : Time (s): cpu = 00:00:19 ; elapsed = 00:00:20 . Memory (MB): peak = 2425.285 ; gain = 833.500 ; free physical = 980 ; free virtual = 24850
---------------------------------------------------------------------------------
---------------------------------------------------------------------------------
Start IO Insertion
---------------------------------------------------------------------------------
---------------------------------------------------------------------------------
Start Flattening Before IO Insertion
---------------------------------------------------------------------------------
---------------------------------------------------------------------------------
Finished Flattening Before IO Insertion
---------------------------------------------------------------------------------
---------------------------------------------------------------------------------
Start Final Netlist Cleanup
---------------------------------------------------------------------------------
---------------------------------------------------------------------------------
Finished Final Netlist Cleanup
---------------------------------------------------------------------------------
---------------------------------------------------------------------------------
Finished IO Insertion : Time (s): cpu = 00:00:22 ; elapsed = 00:00:22 . Memory (MB): peak = 2425.285 ; gain = 833.500 ; free physical = 1019 ; free virtual = 24905
---------------------------------------------------------------------------------
---------------------------------------------------------------------------------
Start Renaming Generated Instances
---------------------------------------------------------------------------------
---------------------------------------------------------------------------------
Finished Renaming Generated Instances : Time (s): cpu = 00:00:22 ; elapsed = 00:00:22 . Memory (MB): peak = 2425.285 ; gain = 833.500 ; free physical = 1011 ; free virtual = 24898
---------------------------------------------------------------------------------
---------------------------------------------------------------------------------
Start Rebuilding User Hierarchy
---------------------------------------------------------------------------------
---------------------------------------------------------------------------------
Finished Rebuilding User Hierarchy : Time (s): cpu = 00:00:22 ; elapsed = 00:00:22 . Memory (MB): peak = 2425.285 ; gain = 833.500 ; free physical = 1011 ; free virtual = 24898
---------------------------------------------------------------------------------
---------------------------------------------------------------------------------
Start Renaming Generated Ports
---------------------------------------------------------------------------------
---------------------------------------------------------------------------------
Finished Renaming Generated Ports : Time (s): cpu = 00:00:22 ; elapsed = 00:00:22 . Memory (MB): peak = 2425.285 ; gain = 833.500 ; free physical = 1011 ; free virtual = 24898
---------------------------------------------------------------------------------
---------------------------------------------------------------------------------
Start Handling Custom Attributes
---------------------------------------------------------------------------------
---------------------------------------------------------------------------------
Finished Handling Custom Attributes : Time (s): cpu = 00:00:22 ; elapsed = 00:00:22 . Memory (MB): peak = 2425.285 ; gain = 833.500 ; free physical = 1033 ; free virtual = 24920
---------------------------------------------------------------------------------
---------------------------------------------------------------------------------
Start Renaming Generated Nets
---------------------------------------------------------------------------------
---------------------------------------------------------------------------------
Finished Renaming Generated Nets : Time (s): cpu = 00:00:22 ; elapsed = 00:00:22 . Memory (MB): peak = 2425.285 ; gain = 833.500 ; free physical = 1033 ; free virtual = 24920
---------------------------------------------------------------------------------
---------------------------------------------------------------------------------
Start Writing Synthesis Report
---------------------------------------------------------------------------------

Report BlackBoxes: 
+-+--------------+----------+
| |BlackBox name |Instances |
+-+--------------+----------+
+-+--------------+----------+

Report Cell Usage: 
+------+------+------+
|      |Cell  |Count |
+------+------+------+
|1     |LUT2  |    18|
|2     |LUT3  |    40|
|3     |LUT4  |   181|
|4     |LUT5  |   219|
|5     |LUT6  |   667|
|6     |MUXF7 |    21|
+------+------+------+

Report Instance Areas: 
+------+---------+-------+------+
|      |Instance |Module |Cells |
+------+---------+-------+------+
|1     |top      |       |  1146|
+------+---------+-------+------+
---------------------------------------------------------------------------------
Finished Writing Synthesis Report : Time (s): cpu = 00:00:22 ; elapsed = 00:00:22 . Memory (MB): peak = 2425.285 ; gain = 833.500 ; free physical = 1033 ; free virtual = 24920
---------------------------------------------------------------------------------
Synthesis finished with 0 errors, 0 critical warnings and 1 warnings.
Synthesis Optimization Runtime : Time (s): cpu = 00:00:22 ; elapsed = 00:00:22 . Memory (MB): peak = 2425.285 ; gain = 833.500 ; free physical = 1033 ; free virtual = 24920
Synthesis Optimization Complete : Time (s): cpu = 00:00:22 ; elapsed = 00:00:22 . Memory (MB): peak = 2425.293 ; gain = 833.500 ; free physical = 1033 ; free virtual = 24920
INFO: [Project 1-571] Translating synthesized netlist
Netlist sorting complete. Time (s): cpu = 00:00:00 ; elapsed = 00:00:00.01 . Memory (MB): peak = 2425.293 ; gain = 0.000 ; free physical = 1207 ; free virtual = 25093
INFO: [Netlist 29-17] Analyzing 21 Unisim elements for replacement
INFO: [Netlist 29-28] Unisim Transformation completed in 0 CPU seconds
WARNING: [Netlist 29-101] Netlist 'execute' is not ideal for floorplanning, since the cellview 'execute' contains a large number of primitives.  Please consider enabling hierarchy in synthesis if you want to do floorplanning.
INFO: [Project 1-570] Preparing netlist for logic optimization
INFO: [Opt 31-138] Pushed 0 inverter(s) to 0 load pin(s).
Netlist sorting complete. Time (s): cpu = 00:00:00 ; elapsed = 00:00:00 . Memory (MB): peak = 2481.180 ; gain = 0.000 ; free physical = 1259 ; free virtual = 25145
INFO: [Project 1-111] Unisim Transformation Summary:
No Unisim elements were transformed.

Synth Design complete | Checksum: 11dc051
INFO: [Common 17-83] Releasing license: Synthesis
38 Infos, 2 Warnings, 0 Critical Warnings and 0 Errors encountered.
synth_design completed successfully
synth_design: Time (s): cpu = 00:00:27 ; elapsed = 00:00:25 . Memory (MB): peak = 2481.215 ; gain = 889.430 ; free physical = 1259 ; free virtual = 25145
INFO: [Common 17-2834] synth_design peak Physical Memory [PSS] (MB): overall = 1892.239; main = 1698.928; forked = 276.829
INFO: [Common 17-2834] synth_design peak Virtual Memory [VSS] (MB): overall = 3382.977; main = 2481.184; forked = 957.688
INFO: [Timing 38-35] Done setting XDC timing constraints.
Write ShapeDB Complete: Time (s): cpu = 00:00:00 ; elapsed = 00:00:00 . Memory (MB): peak = 2795.004 ; gain = 0.000 ; free physical = 941 ; free virtual = 24838
INFO: [Common 17-1381] The checkpoint '/home/Sol/Digital-System-Design-II/execute/execute.runs/synth_1/execute.dcp' has been generated.
INFO: [Vivado 12-24828] Executing command : report_utilization -file execute_utilization_synth.rpt -pb execute_utilization_synth.pb
INFO: [Common 17-206] Exiting Vivado at Thu Nov  6 03:19:25 2025...
