
*** Running vivado
    with args -log instructionDecode.vds -m64 -product Vivado -mode batch -messageDb vivado.pb -notrace -source instructionDecode.tcl


****** Vivado v2025.1 (64-bit)
  **** SW Build 6140274 on Wed May 21 22:58:25 MDT 2025
  **** IP Build 6138677 on Thu May 22 03:10:11 MDT 2025
  **** SharedData Build 6139179 on Tue May 20 17:58:58 MDT 2025
  **** Start of session at: Thu Oct  9 22:27:25 2025
    ** Copyright 1986-2022 Xilinx, Inc. All Rights Reserved.
    ** Copyright 2022-2025 Advanced Micro Devices, Inc. All Rights Reserved.

source instructionDecode.tcl -notrace
Command: read_checkpoint -auto_incremental -incremental /home/Sol/Digital-System-Design-II/instructionDecode/instructionDecode.srcs/utils_1/imports/synth_1/registerFile.dcp
INFO: [Vivado 12-5825] Read reference checkpoint from /home/Sol/Digital-System-Design-II/instructionDecode/instructionDecode.srcs/utils_1/imports/synth_1/registerFile.dcp for incremental synthesis
INFO: [Vivado 12-7989] Please ensure there are no constraint changes
Command: synth_design -top instructionDecode -part xc7a35tcpg236-1 -mode out_of_context
Starting synth_design
Attempting to get a license for feature 'Synthesis' and/or device 'xc7a35t'
INFO: [Common 17-349] Got license for feature 'Synthesis' and/or device 'xc7a35t'
INFO: [Designutils 20-5440] No compile time benefit to using incremental synthesis; A full resynthesis will be run
INFO: [Designutils 20-4379] Flow is switching to default flow due to incremental criteria not met. If you would like to alter this behaviour and have the flow terminate instead, please set the following parameter config_implementation {autoIncr.Synth.RejectBehavior Terminate}
INFO: [Synth 8-7079] Multithreading enabled for synth_design using a maximum of 7 processes.
INFO: [Synth 8-7078] Launching helper process for spawning children vivado processes
INFO: [Synth 8-7075] Helper process launched with PID 79935
---------------------------------------------------------------------------------
Starting Synthesize : Time (s): cpu = 00:00:04 ; elapsed = 00:00:04 . Memory (MB): peak = 1940.359 ; gain = 423.656 ; free physical = 382 ; free virtual = 19194
---------------------------------------------------------------------------------
INFO: [Synth 8-638] synthesizing module 'instructionDecode' [/home/Sol/Digital-System-Design-II/instructionDecode/instructionDecode.srcs/sources_1/new/instructionDecode.vhd:39]
INFO: [Synth 8-638] synthesizing module 'controlUnit' [/home/Sol/Digital-System-Design-II/instructionDecode/instructionDecode.srcs/sources_1/new/controlUnit.vhd:30]
INFO: [Synth 8-256] done synthesizing module 'controlUnit' (0#1) [/home/Sol/Digital-System-Design-II/instructionDecode/instructionDecode.srcs/sources_1/new/controlUnit.vhd:30]
INFO: [Synth 8-638] synthesizing module 'registerFile' [/home/Sol/Digital-System-Design-II/instructionDecode/instructionDecode.srcs/sources_1/new/registerFile.vhd:35]
	Parameter BIT_WIDTH bound to: 32 - type: integer 
	Parameter LOG_PORT_DEPTH bound to: 5 - type: integer 
INFO: [Synth 8-256] done synthesizing module 'registerFile' (0#1) [/home/Sol/Digital-System-Design-II/instructionDecode/instructionDecode.srcs/sources_1/new/registerFile.vhd:35]
INFO: [Synth 8-256] done synthesizing module 'instructionDecode' (0#1) [/home/Sol/Digital-System-Design-II/instructionDecode/instructionDecode.srcs/sources_1/new/instructionDecode.vhd:39]
---------------------------------------------------------------------------------
Finished Synthesize : Time (s): cpu = 00:00:05 ; elapsed = 00:00:05 . Memory (MB): peak = 2014.297 ; gain = 497.594 ; free physical = 216 ; free virtual = 18901
---------------------------------------------------------------------------------
---------------------------------------------------------------------------------
Finished Constraint Validation : Time (s): cpu = 00:00:05 ; elapsed = 00:00:06 . Memory (MB): peak = 2029.141 ; gain = 512.438 ; free physical = 373 ; free virtual = 18828
---------------------------------------------------------------------------------
---------------------------------------------------------------------------------
Start Loading Part and Timing Information
---------------------------------------------------------------------------------
Loading part: xc7a35tcpg236-1
---------------------------------------------------------------------------------
INFO: [Device 21-403] Loading part xc7a35tcpg236-1
Finished Loading Part and Timing Information : Time (s): cpu = 00:00:05 ; elapsed = 00:00:06 . Memory (MB): peak = 2029.141 ; gain = 512.438 ; free physical = 370 ; free virtual = 18825
---------------------------------------------------------------------------------
---------------------------------------------------------------------------------
Finished RTL Optimization Phase 2 : Time (s): cpu = 00:00:06 ; elapsed = 00:00:06 . Memory (MB): peak = 2046.055 ; gain = 529.352 ; free physical = 370 ; free virtual = 18767
---------------------------------------------------------------------------------
No constraint files found.
---------------------------------------------------------------------------------
Start RTL Component Statistics 
---------------------------------------------------------------------------------
Detailed RTL Component Info : 
+---RAMs : 
	             1024 Bit	(32 X 32 bit)          RAMs := 1     
+---Muxes : 
	   2 Input   32 Bit        Muxes := 2     
	   2 Input    1 Bit        Muxes := 5     
---------------------------------------------------------------------------------
Finished RTL Component Statistics 
---------------------------------------------------------------------------------
---------------------------------------------------------------------------------
Start Part Resource Summary
---------------------------------------------------------------------------------
Part Resources:
DSPs: 90 (col length:60)
BRAMs: 100 (col length: RAMB18 60 RAMB36 30)
---------------------------------------------------------------------------------
Finished Part Resource Summary
---------------------------------------------------------------------------------
No constraint files found.
---------------------------------------------------------------------------------
Start Cross Boundary and Area Optimization
---------------------------------------------------------------------------------
WARNING: [Synth 8-7080] Parallel synthesis criteria is not met
---------------------------------------------------------------------------------
Finished Cross Boundary and Area Optimization : Time (s): cpu = 00:00:09 ; elapsed = 00:00:09 . Memory (MB): peak = 2159.031 ; gain = 642.328 ; free physical = 227 ; free virtual = 18633
---------------------------------------------------------------------------------
---------------------------------------------------------------------------------
Start ROM, RAM, DSP, Shift Register and Retiming Reporting
---------------------------------------------------------------------------------

Distributed RAM: Preliminary Mapping Report (see note below)
+------------------+----------------------+-----------+----------------------+--------------+
|Module Name       | RTL Object           | Inference | Size (Depth x Width) | Primitives   | 
+------------------+----------------------+-----------+----------------------+--------------+
|instructionDecode | registerFile/mem_reg | Implied   | 32 x 32              | RAM32M x 12  | 
+------------------+----------------------+-----------+----------------------+--------------+

Note: The table above is a preliminary report that shows the Distributed RAMs at the current stage of the synthesis flow. Some Distributed RAMs may be reimplemented as non Distributed RAM primitives later in the synthesis flow. Multiple instantiated RAMs are reported only once.
---------------------------------------------------------------------------------
Finished ROM, RAM, DSP, Shift Register and Retiming Reporting
---------------------------------------------------------------------------------
No constraint files found.
---------------------------------------------------------------------------------
Start Timing Optimization
---------------------------------------------------------------------------------
---------------------------------------------------------------------------------
Finished Timing Optimization : Time (s): cpu = 00:00:09 ; elapsed = 00:00:09 . Memory (MB): peak = 2159.031 ; gain = 642.328 ; free physical = 225 ; free virtual = 18630
---------------------------------------------------------------------------------
---------------------------------------------------------------------------------
Start ROM, RAM, DSP, Shift Register and Retiming Reporting
---------------------------------------------------------------------------------

Distributed RAM: Final Mapping Report
+------------------+----------------------+-----------+----------------------+--------------+
|Module Name       | RTL Object           | Inference | Size (Depth x Width) | Primitives   | 
+------------------+----------------------+-----------+----------------------+--------------+
|instructionDecode | registerFile/mem_reg | Implied   | 32 x 32              | RAM32M x 12  | 
+------------------+----------------------+-----------+----------------------+--------------+

---------------------------------------------------------------------------------
Finished ROM, RAM, DSP, Shift Register and Retiming Reporting
---------------------------------------------------------------------------------
---------------------------------------------------------------------------------
Start Technology Mapping
---------------------------------------------------------------------------------
---------------------------------------------------------------------------------
Finished Technology Mapping : Time (s): cpu = 00:00:09 ; elapsed = 00:00:09 . Memory (MB): peak = 2159.031 ; gain = 642.328 ; free physical = 224 ; free virtual = 18630
---------------------------------------------------------------------------------
---------------------------------------------------------------------------------
Start IO Insertion
---------------------------------------------------------------------------------
---------------------------------------------------------------------------------
Start Flattening Before IO Insertion
---------------------------------------------------------------------------------
---------------------------------------------------------------------------------
Finished Flattening Before IO Insertion
---------------------------------------------------------------------------------
---------------------------------------------------------------------------------
Start Final Netlist Cleanup
---------------------------------------------------------------------------------
---------------------------------------------------------------------------------
Finished Final Netlist Cleanup
---------------------------------------------------------------------------------
---------------------------------------------------------------------------------
Finished IO Insertion : Time (s): cpu = 00:00:11 ; elapsed = 00:00:12 . Memory (MB): peak = 2318.844 ; gain = 802.141 ; free physical = 169 ; free virtual = 18437
---------------------------------------------------------------------------------
---------------------------------------------------------------------------------
Start Renaming Generated Instances
---------------------------------------------------------------------------------
---------------------------------------------------------------------------------
Finished Renaming Generated Instances : Time (s): cpu = 00:00:11 ; elapsed = 00:00:12 . Memory (MB): peak = 2318.844 ; gain = 802.141 ; free physical = 168 ; free virtual = 18436
---------------------------------------------------------------------------------
---------------------------------------------------------------------------------
Start Rebuilding User Hierarchy
---------------------------------------------------------------------------------
---------------------------------------------------------------------------------
Finished Rebuilding User Hierarchy : Time (s): cpu = 00:00:11 ; elapsed = 00:00:12 . Memory (MB): peak = 2318.844 ; gain = 802.141 ; free physical = 168 ; free virtual = 18436
---------------------------------------------------------------------------------
---------------------------------------------------------------------------------
Start Renaming Generated Ports
---------------------------------------------------------------------------------
---------------------------------------------------------------------------------
Finished Renaming Generated Ports : Time (s): cpu = 00:00:11 ; elapsed = 00:00:12 . Memory (MB): peak = 2318.844 ; gain = 802.141 ; free physical = 168 ; free virtual = 18436
---------------------------------------------------------------------------------
---------------------------------------------------------------------------------
Start Handling Custom Attributes
---------------------------------------------------------------------------------
---------------------------------------------------------------------------------
Finished Handling Custom Attributes : Time (s): cpu = 00:00:11 ; elapsed = 00:00:12 . Memory (MB): peak = 2318.844 ; gain = 802.141 ; free physical = 167 ; free virtual = 18436
---------------------------------------------------------------------------------
---------------------------------------------------------------------------------
Start Renaming Generated Nets
---------------------------------------------------------------------------------
---------------------------------------------------------------------------------
Finished Renaming Generated Nets : Time (s): cpu = 00:00:11 ; elapsed = 00:00:12 . Memory (MB): peak = 2318.844 ; gain = 802.141 ; free physical = 167 ; free virtual = 18436
---------------------------------------------------------------------------------
---------------------------------------------------------------------------------
Start Writing Synthesis Report
---------------------------------------------------------------------------------

Report BlackBoxes: 
+-+--------------+----------+
| |BlackBox name |Instances |
+-+--------------+----------+
+-+--------------+----------+

Report Cell Usage: 
+------+---------+------+
|      |Cell     |Count |
+------+---------+------+
|1     |LUT1     |     1|
|2     |LUT2     |     6|
|3     |LUT3     |     1|
|4     |LUT4     |     1|
|5     |LUT5     |     1|
|6     |LUT6     |    71|
|7     |RAM32M   |    10|
|8     |RAM32X1D |     4|
+------+---------+------+

Report Instance Areas: 
+------+---------------+-------------+------+
|      |Instance       |Module       |Cells |
+------+---------------+-------------+------+
|1     |top            |             |    95|
|2     |  registerFile |registerFile |    79|
+------+---------------+-------------+------+
---------------------------------------------------------------------------------
Finished Writing Synthesis Report : Time (s): cpu = 00:00:11 ; elapsed = 00:00:12 . Memory (MB): peak = 2318.844 ; gain = 802.141 ; free physical = 167 ; free virtual = 18436
---------------------------------------------------------------------------------
Synthesis finished with 0 errors, 0 critical warnings and 1 warnings.
Synthesis Optimization Runtime : Time (s): cpu = 00:00:11 ; elapsed = 00:00:12 . Memory (MB): peak = 2318.844 ; gain = 802.141 ; free physical = 168 ; free virtual = 18436
Synthesis Optimization Complete : Time (s): cpu = 00:00:11 ; elapsed = 00:00:12 . Memory (MB): peak = 2318.852 ; gain = 802.141 ; free physical = 168 ; free virtual = 18437
INFO: [Project 1-571] Translating synthesized netlist
Netlist sorting complete. Time (s): cpu = 00:00:00.01 ; elapsed = 00:00:00 . Memory (MB): peak = 2332.719 ; gain = 0.000 ; free physical = 195 ; free virtual = 18467
INFO: [Netlist 29-17] Analyzing 14 Unisim elements for replacement
INFO: [Netlist 29-28] Unisim Transformation completed in 0 CPU seconds
INFO: [Project 1-570] Preparing netlist for logic optimization
INFO: [Opt 31-138] Pushed 1 inverter(s) to 14 load pin(s).
Netlist sorting complete. Time (s): cpu = 00:00:00 ; elapsed = 00:00:00 . Memory (MB): peak = 2431.312 ; gain = 0.000 ; free physical = 303 ; free virtual = 18528
INFO: [Project 1-111] Unisim Transformation Summary:
  A total of 14 instances were transformed.
  RAM32M => RAM32M (inverted pins: WCLK) (RAMD32(x6), RAMS32(x2)): 10 instances
  RAM32X1D => RAM32X1D (inverted pins: WCLK) (RAMD32(x2)): 4 instances

Synth Design complete | Checksum: 5afe29ec
INFO: [Common 17-83] Releasing license: Synthesis
22 Infos, 1 Warnings, 0 Critical Warnings and 0 Errors encountered.
synth_design completed successfully
synth_design: Time (s): cpu = 00:00:17 ; elapsed = 00:00:15 . Memory (MB): peak = 2431.348 ; gain = 914.645 ; free physical = 296 ; free virtual = 18522
INFO: [Common 17-2834] synth_design peak Physical Memory [PSS] (MB): overall = 1782.557; main = 1782.557; forked = 300.363
INFO: [Common 17-2834] synth_design peak Virtual Memory [VSS] (MB): overall = 3158.723; main = 2431.316; forked = 957.688
INFO: [Timing 38-35] Done setting XDC timing constraints.
Write ShapeDB Complete: Time (s): cpu = 00:00:00 ; elapsed = 00:00:00 . Memory (MB): peak = 2732.270 ; gain = 0.000 ; free physical = 259 ; free virtual = 18392
INFO: [Common 17-1381] The checkpoint '/home/Sol/Digital-System-Design-II/instructionDecode/instructionDecode.runs/synth_1/instructionDecode.dcp' has been generated.
INFO: [Vivado 12-24828] Executing command : report_utilization -file instructionDecode_utilization_synth.rpt -pb instructionDecode_utilization_synth.pb
INFO: [Common 17-206] Exiting Vivado at Thu Oct  9 22:27:49 2025...
