Vivado Simulator v2025.1.0
Copyright 1986-2022 Xilinx, Inc. All Rights Reserved.
Copyright 2022-2025 Advanced Micro Devices, Inc. All Rights Reserved.
Running: /home/Sol/Xilinx/Vivado/2025.1/Vivado/bin/unwrapped/lnx64.o/xelab --incr --debug typical --relax --mt 8 --maxdelay -L xil_defaultlib -L simprims_ver -L secureip --snapshot InstructionDecodeTB_time_synth -transport_int_delays -pulse_r 0 -pulse_int_r 0 -pulse_e 0 -pulse_int_e 0 xil_defaultlib.InstructionDecodeTB xil_defaultlib.glbl -log elaborate.log 
Using 8 slave threads.
Starting static elaboration
Pass Through NonSizing Optimizer
Completed static elaboration
Starting simulation data flow analysis
Completed simulation data flow analysis
INFO: [XSIM 43-3451] SDF backannotation process started with SDF file "InstructionDecodeTB_time_synth.sdf", for root module "InstructionDecodeTB/UUT".
INFO: [XSIM 43-3452] SDF backannotation was successful for SDF file "InstructionDecodeTB_time_synth.sdf", for root module "InstructionDecodeTB/UUT".
Time Resolution for simulation is 1ps
Compiling package std.standard
Compiling package std.textio
Compiling package ieee.std_logic_1164
Compiling package ieee.numeric_std
Compiling package vl.vl_types
Compiling module xil_defaultlib.glbl
Compiling module simprims_ver.OBUF
Compiling module simprims_ver.x_lut3_mux8
Compiling module simprims_ver.LUT3(INIT=8'b010)
Compiling module simprims_ver.LUT5(INIT=32'b01111111100010010)
Compiling module simprims_ver.LUT4(INIT=16'b1010101011111011)
Compiling module simprims_ver.LUT6
Compiling module simprims_ver.x_lut2_mux4
Compiling module simprims_ver.LUT2
Compiling module simprims_ver.IBUF
Compiling module simprims_ver.BUFG
Compiling module simprims_ver.RAMD32
Compiling module simprims_ver.RAMS32
Compiling module xil_defaultlib.RAM32M_UNIQ_BASE_
Compiling module xil_defaultlib.RAM32M_HD1
Compiling module xil_defaultlib.RAM32M_HD2
Compiling module xil_defaultlib.RAM32M_HD3
Compiling module xil_defaultlib.RAM32X1D_UNIQ_BASE_
Compiling module xil_defaultlib.RAM32X1D_HD4
Compiling module xil_defaultlib.RAM32M_HD5
Compiling module xil_defaultlib.RAM32M_HD6
Compiling module xil_defaultlib.RAM32M_HD7
Compiling module xil_defaultlib.RAM32M_HD8
Compiling module xil_defaultlib.RAM32M_HD9
Compiling module xil_defaultlib.RAM32X1D_HD10
Compiling module xil_defaultlib.RAM32X1D_HD11
Compiling module xil_defaultlib.RAM32M_HD12
Compiling module xil_defaultlib.registerFile
Compiling module xil_defaultlib.instructionDecode
Compiling architecture testbench of entity xil_defaultlib.instructiondecodetb
Built simulation snapshot InstructionDecodeTB_time_synth
