
*** Running vivado
    with args -log alu4.vds -m64 -product Vivado -mode batch -messageDb vivado.pb -notrace -source alu4.tcl


****** Vivado v2025.1 (64-bit)
  **** SW Build 6140274 on Wed May 21 22:58:25 MDT 2025
  **** IP Build 6138677 on Thu May 22 03:10:11 MDT 2025
  **** SharedData Build 6139179 on Tue May 20 17:58:58 MDT 2025
  **** Start of session at: Fri Sep  5 17:58:20 2025
    ** Copyright 1986-2022 Xilinx, Inc. All Rights Reserved.
    ** Copyright 2022-2025 Advanced Micro Devices, Inc. All Rights Reserved.

source alu4.tcl -notrace
Command: read_checkpoint -auto_incremental -incremental /home/Sol/Digital-System-Design-II/alu4/alu4.srcs/utils_1/imports/synth_1/alu4.dcp
INFO: [Vivado 12-5825] Read reference checkpoint from /home/Sol/Digital-System-Design-II/alu4/alu4.srcs/utils_1/imports/synth_1/alu4.dcp for incremental synthesis
INFO: [Vivado 12-7989] Please ensure there are no constraint changes
Command: synth_design -top alu4 -part xc7a35tcpg236-1
Starting synth_design
Attempting to get a license for feature 'Synthesis' and/or device 'xc7a35t'
INFO: [Common 17-349] Got license for feature 'Synthesis' and/or device 'xc7a35t'
INFO: [Device 21-403] Loading part xc7a35tcpg236-1
INFO: [Designutils 20-5440] No compile time benefit to using incremental synthesis; A full resynthesis will be run
INFO: [Designutils 20-4379] Flow is switching to default flow due to incremental criteria not met. If you would like to alter this behaviour and have the flow terminate instead, please set the following parameter config_implementation {autoIncr.Synth.RejectBehavior Terminate}
INFO: [Synth 8-7079] Multithreading enabled for synth_design using a maximum of 7 processes.
INFO: [Synth 8-7078] Launching helper process for spawning children vivado processes
INFO: [Synth 8-7075] Helper process launched with PID 127368
---------------------------------------------------------------------------------
Starting RTL Elaboration : Time (s): cpu = 00:00:03 ; elapsed = 00:00:03 . Memory (MB): peak = 2089.848 ; gain = 441.797 ; free physical = 335 ; free virtual = 22551
---------------------------------------------------------------------------------
INFO: [Synth 8-638] synthesizing module 'alu4' [/home/Sol/Digital-System-Design-II/alu4/alu4.srcs/sources_1/new/alu4.vhd:26]
	Parameter N bound to: 4 - type: integer 
INFO: [Synth 8-3491] module 'notN' declared at '/home/Sol/Digital-System-Design-II/alu4/alu4.srcs/sources_1/new/notN.vhd:15' bound to instance 'not_comp' of component 'notN' [/home/Sol/Digital-System-Design-II/alu4/alu4.srcs/sources_1/new/alu4.vhd:41]
INFO: [Synth 8-638] synthesizing module 'notN' [/home/Sol/Digital-System-Design-II/alu4/alu4.srcs/sources_1/new/notN.vhd:23]
	Parameter N bound to: 4 - type: integer 
INFO: [Synth 8-256] done synthesizing module 'notN' (0#1) [/home/Sol/Digital-System-Design-II/alu4/alu4.srcs/sources_1/new/notN.vhd:23]
INFO: [Synth 8-638] synthesizing module 'sllN' [/home/Sol/Digital-System-Design-II/alu4/alu4.srcs/sources_1/new/sllN.vhd:27]
	Parameter N bound to: 4 - type: integer 
	Parameter M bound to: 2 - type: integer 
INFO: [Synth 8-256] done synthesizing module 'sllN' (0#1) [/home/Sol/Digital-System-Design-II/alu4/alu4.srcs/sources_1/new/sllN.vhd:27]
INFO: [Synth 8-256] done synthesizing module 'alu4' (0#1) [/home/Sol/Digital-System-Design-II/alu4/alu4.srcs/sources_1/new/alu4.vhd:26]
WARNING: [Synth 8-7129] Port B[3] in module alu4 is either unconnected or has no load
WARNING: [Synth 8-7129] Port B[2] in module alu4 is either unconnected or has no load
---------------------------------------------------------------------------------
Finished RTL Elaboration : Time (s): cpu = 00:00:03 ; elapsed = 00:00:04 . Memory (MB): peak = 2163.816 ; gain = 515.766 ; free physical = 225 ; free virtual = 22459
---------------------------------------------------------------------------------
---------------------------------------------------------------------------------
Start Handling Custom Attributes
---------------------------------------------------------------------------------
---------------------------------------------------------------------------------
Finished Handling Custom Attributes : Time (s): cpu = 00:00:04 ; elapsed = 00:00:04 . Memory (MB): peak = 2181.629 ; gain = 533.578 ; free physical = 221 ; free virtual = 22455
---------------------------------------------------------------------------------
---------------------------------------------------------------------------------
Finished RTL Optimization Phase 1 : Time (s): cpu = 00:00:04 ; elapsed = 00:00:04 . Memory (MB): peak = 2181.629 ; gain = 533.578 ; free physical = 221 ; free virtual = 22455
---------------------------------------------------------------------------------
Netlist sorting complete. Time (s): cpu = 00:00:00 ; elapsed = 00:00:00 . Memory (MB): peak = 2181.629 ; gain = 0.000 ; free physical = 221 ; free virtual = 22455
INFO: [Project 1-570] Preparing netlist for logic optimization

Processing XDC Constraints
Initializing timing engine
Parsing XDC File [/home/Sol/Digital-System-Design-II/alu4/alu4.srcs/constrs_1/new/adc4.xdc]
Finished Parsing XDC File [/home/Sol/Digital-System-Design-II/alu4/alu4.srcs/constrs_1/new/adc4.xdc]
INFO: [Project 1-236] Implementation specific constraints were found while reading constraint file [/home/Sol/Digital-System-Design-II/alu4/alu4.srcs/constrs_1/new/adc4.xdc]. These constraints will be ignored for synthesis but will be used in implementation. Impacted constraints are listed in the file [.Xil/alu4_propImpl.xdc].
Resolution: To avoid this warning, move constraints listed in [.Xil/alu4_propImpl.xdc] to another XDC file and exclude this new file from synthesis with the used_in_synthesis property (File Properties dialog in GUI) and re-run elaboration/synthesis.
Completed Processing XDC Constraints

Netlist sorting complete. Time (s): cpu = 00:00:00 ; elapsed = 00:00:00 . Memory (MB): peak = 2234.523 ; gain = 0.000 ; free physical = 202 ; free virtual = 22436
INFO: [Project 1-111] Unisim Transformation Summary:
No Unisim elements were transformed.

Constraint Validation Runtime : Time (s): cpu = 00:00:00 ; elapsed = 00:00:00 . Memory (MB): peak = 2234.559 ; gain = 0.000 ; free physical = 202 ; free virtual = 22436
INFO: [Designutils 20-5440] No compile time benefit to using incremental synthesis; A full resynthesis will be run
INFO: [Designutils 20-4379] Flow is switching to default flow due to incremental criteria not met. If you would like to alter this behaviour and have the flow terminate instead, please set the following parameter config_implementation {autoIncr.Synth.RejectBehavior Terminate}
---------------------------------------------------------------------------------
Finished Constraint Validation : Time (s): cpu = 00:00:08 ; elapsed = 00:00:08 . Memory (MB): peak = 2234.559 ; gain = 586.508 ; free physical = 193 ; free virtual = 22428
---------------------------------------------------------------------------------
---------------------------------------------------------------------------------
Start Loading Part and Timing Information
---------------------------------------------------------------------------------
Loading part: xc7a35tcpg236-1
---------------------------------------------------------------------------------
Finished Loading Part and Timing Information : Time (s): cpu = 00:00:08 ; elapsed = 00:00:08 . Memory (MB): peak = 2242.527 ; gain = 594.477 ; free physical = 193 ; free virtual = 22428
---------------------------------------------------------------------------------
---------------------------------------------------------------------------------
Start Applying 'set_property' XDC Constraints
---------------------------------------------------------------------------------
---------------------------------------------------------------------------------
Finished applying 'set_property' XDC Constraints : Time (s): cpu = 00:00:08 ; elapsed = 00:00:08 . Memory (MB): peak = 2242.527 ; gain = 594.477 ; free physical = 193 ; free virtual = 22428
---------------------------------------------------------------------------------
---------------------------------------------------------------------------------
Finished RTL Optimization Phase 2 : Time (s): cpu = 00:00:08 ; elapsed = 00:00:08 . Memory (MB): peak = 2242.527 ; gain = 594.477 ; free physical = 193 ; free virtual = 22429
---------------------------------------------------------------------------------
---------------------------------------------------------------------------------
Start RTL Component Statistics 
---------------------------------------------------------------------------------
Detailed RTL Component Info : 
+---Muxes : 
	   4 Input    4 Bit        Muxes := 1     
	   2 Input    4 Bit        Muxes := 1     
---------------------------------------------------------------------------------
Finished RTL Component Statistics 
---------------------------------------------------------------------------------
---------------------------------------------------------------------------------
Start Part Resource Summary
---------------------------------------------------------------------------------
Part Resources:
DSPs: 90 (col length:60)
BRAMs: 100 (col length: RAMB18 60 RAMB36 30)
---------------------------------------------------------------------------------
Finished Part Resource Summary
---------------------------------------------------------------------------------
---------------------------------------------------------------------------------
Start Cross Boundary and Area Optimization
---------------------------------------------------------------------------------
WARNING: [Synth 8-7080] Parallel synthesis criteria is not met
WARNING: [Synth 8-7129] Port B[3] in module alu4 is either unconnected or has no load
WARNING: [Synth 8-7129] Port B[2] in module alu4 is either unconnected or has no load
---------------------------------------------------------------------------------
Finished Cross Boundary and Area Optimization : Time (s): cpu = 00:00:09 ; elapsed = 00:00:09 . Memory (MB): peak = 2242.527 ; gain = 594.477 ; free physical = 182 ; free virtual = 22423
---------------------------------------------------------------------------------
---------------------------------------------------------------------------------
Start Applying XDC Timing Constraints
---------------------------------------------------------------------------------
---------------------------------------------------------------------------------
Finished Applying XDC Timing Constraints : Time (s): cpu = 00:00:12 ; elapsed = 00:00:13 . Memory (MB): peak = 2341.527 ; gain = 693.477 ; free physical = 171 ; free virtual = 22319
---------------------------------------------------------------------------------
---------------------------------------------------------------------------------
Start Timing Optimization
---------------------------------------------------------------------------------
---------------------------------------------------------------------------------
Finished Timing Optimization : Time (s): cpu = 00:00:12 ; elapsed = 00:00:13 . Memory (MB): peak = 2341.527 ; gain = 693.477 ; free physical = 171 ; free virtual = 22319
---------------------------------------------------------------------------------
---------------------------------------------------------------------------------
Start Technology Mapping
---------------------------------------------------------------------------------
---------------------------------------------------------------------------------
Finished Technology Mapping : Time (s): cpu = 00:00:12 ; elapsed = 00:00:13 . Memory (MB): peak = 2350.543 ; gain = 702.492 ; free physical = 165 ; free virtual = 22313
---------------------------------------------------------------------------------
---------------------------------------------------------------------------------
Start IO Insertion
---------------------------------------------------------------------------------
---------------------------------------------------------------------------------
Start Flattening Before IO Insertion
---------------------------------------------------------------------------------
---------------------------------------------------------------------------------
Finished Flattening Before IO Insertion
---------------------------------------------------------------------------------
---------------------------------------------------------------------------------
Start Final Netlist Cleanup
---------------------------------------------------------------------------------
---------------------------------------------------------------------------------
Finished Final Netlist Cleanup
---------------------------------------------------------------------------------
---------------------------------------------------------------------------------
Finished IO Insertion : Time (s): cpu = 00:00:15 ; elapsed = 00:00:16 . Memory (MB): peak = 2534.355 ; gain = 886.305 ; free physical = 162 ; free virtual = 22154
---------------------------------------------------------------------------------
---------------------------------------------------------------------------------
Start Renaming Generated Instances
---------------------------------------------------------------------------------
---------------------------------------------------------------------------------
Finished Renaming Generated Instances : Time (s): cpu = 00:00:15 ; elapsed = 00:00:16 . Memory (MB): peak = 2534.355 ; gain = 886.305 ; free physical = 162 ; free virtual = 22154
---------------------------------------------------------------------------------
---------------------------------------------------------------------------------
Start Rebuilding User Hierarchy
---------------------------------------------------------------------------------
---------------------------------------------------------------------------------
Finished Rebuilding User Hierarchy : Time (s): cpu = 00:00:15 ; elapsed = 00:00:16 . Memory (MB): peak = 2534.355 ; gain = 886.305 ; free physical = 162 ; free virtual = 22154
---------------------------------------------------------------------------------
---------------------------------------------------------------------------------
Start Renaming Generated Ports
---------------------------------------------------------------------------------
---------------------------------------------------------------------------------
Finished Renaming Generated Ports : Time (s): cpu = 00:00:15 ; elapsed = 00:00:16 . Memory (MB): peak = 2534.355 ; gain = 886.305 ; free physical = 162 ; free virtual = 22154
---------------------------------------------------------------------------------
---------------------------------------------------------------------------------
Start Handling Custom Attributes
---------------------------------------------------------------------------------
---------------------------------------------------------------------------------
Finished Handling Custom Attributes : Time (s): cpu = 00:00:15 ; elapsed = 00:00:16 . Memory (MB): peak = 2534.355 ; gain = 886.305 ; free physical = 162 ; free virtual = 22154
---------------------------------------------------------------------------------
---------------------------------------------------------------------------------
Start Renaming Generated Nets
---------------------------------------------------------------------------------
---------------------------------------------------------------------------------
Finished Renaming Generated Nets : Time (s): cpu = 00:00:15 ; elapsed = 00:00:16 . Memory (MB): peak = 2534.355 ; gain = 886.305 ; free physical = 162 ; free virtual = 22154
---------------------------------------------------------------------------------
---------------------------------------------------------------------------------
Start Writing Synthesis Report
---------------------------------------------------------------------------------

Report BlackBoxes: 
+-+--------------+----------+
| |BlackBox name |Instances |
+-+--------------+----------+
+-+--------------+----------+

Report Cell Usage: 
+------+-----+------+
|      |Cell |Count |
+------+-----+------+
|1     |LUT3 |     1|
|2     |LUT4 |     1|
|3     |LUT5 |     1|
|4     |LUT6 |     2|
|5     |IBUF |     7|
|6     |OBUF |     4|
+------+-----+------+
---------------------------------------------------------------------------------
Finished Writing Synthesis Report : Time (s): cpu = 00:00:15 ; elapsed = 00:00:16 . Memory (MB): peak = 2534.355 ; gain = 886.305 ; free physical = 162 ; free virtual = 22154
---------------------------------------------------------------------------------
Synthesis finished with 0 errors, 0 critical warnings and 3 warnings.
Synthesis Optimization Runtime : Time (s): cpu = 00:00:14 ; elapsed = 00:00:15 . Memory (MB): peak = 2534.355 ; gain = 833.375 ; free physical = 162 ; free virtual = 22154
Synthesis Optimization Complete : Time (s): cpu = 00:00:15 ; elapsed = 00:00:16 . Memory (MB): peak = 2534.363 ; gain = 886.305 ; free physical = 162 ; free virtual = 22154
INFO: [Project 1-571] Translating synthesized netlist
Netlist sorting complete. Time (s): cpu = 00:00:00 ; elapsed = 00:00:00.01 . Memory (MB): peak = 2534.363 ; gain = 0.000 ; free physical = 162 ; free virtual = 22154
INFO: [Project 1-570] Preparing netlist for logic optimization
INFO: [Opt 31-138] Pushed 0 inverter(s) to 0 load pin(s).
Netlist sorting complete. Time (s): cpu = 00:00:00 ; elapsed = 00:00:00 . Memory (MB): peak = 2590.383 ; gain = 0.000 ; free physical = 311 ; free virtual = 22303
INFO: [Project 1-111] Unisim Transformation Summary:
No Unisim elements were transformed.

Synth Design complete | Checksum: 1adcf796
INFO: [Common 17-83] Releasing license: Synthesis
26 Infos, 5 Warnings, 0 Critical Warnings and 0 Errors encountered.
synth_design completed successfully
synth_design: Time (s): cpu = 00:00:22 ; elapsed = 00:00:20 . Memory (MB): peak = 2590.418 ; gain = 1061.734 ; free physical = 310 ; free virtual = 22302
INFO: [Common 17-2834] synth_design peak Physical Memory [PSS] (MB): overall = 1633.425; main = 1633.425; forked = 249.324
INFO: [Common 17-2834] synth_design peak Virtual Memory [VSS] (MB): overall = 3202.371; main = 2590.387; forked = 959.840
Write ShapeDB Complete: Time (s): cpu = 00:00:00.01 ; elapsed = 00:00:00 . Memory (MB): peak = 2614.395 ; gain = 0.000 ; free physical = 310 ; free virtual = 22302
INFO: [Common 17-1381] The checkpoint '/home/Sol/Digital-System-Design-II/alu4/alu4.runs/synth_1/alu4.dcp' has been generated.
INFO: [Vivado 12-24828] Executing command : report_utilization -file alu4_utilization_synth.rpt -pb alu4_utilization_synth.pb
INFO: [Common 17-206] Exiting Vivado at Fri Sep  5 17:58:43 2025...
